C:\USERS\ГРИХА\DOCUMENTS\VISUAL STUDIO 2012\PROJECTS\CONSOLEAPPLICATION6\CONSOLEAPPLICATION6\DEBUG\VC110.PDB
C:\USERS\Гриха\DOCUMENTS\VISUAL STUDIO 2012\PROJECTS\CONSOLEAPPLICATION6\CONSOLEAPPLICATION6\DEBUG\Исходный код.OBJ
C:\USERS\гриха\DOCUMENTS\VISUAL STUDIO 2012\PROJECTS\CONSOLEAPPLICATION6\DEBUG\CONSOLEAPPLICATION6.ILK
C:\USERS\гриха\DOCUMENTS\VISUAL STUDIO 2012\PROJECTS\CONSOLEAPPLICATION6\DEBUG\CONSOLEAPPLICATION6.EXE
C:\USERS\ГРИХА\DOCUMENTS\VISUAL STUDIO 2012\PROJECTS\CONSOLEAPPLICATION6\DEBUG\CONSOLEAPPLICATION6.PDB
c:\Users\Гриха\documents\visual studio 2012\Projects\ConsoleApplication6\ConsoleApplication6\Debug\Исходный код.obj
c:\Users\Гриха\documents\visual studio 2012\Projects\ConsoleApplication6\ConsoleApplication6\Debug\cl.command.1.tlog
c:\Users\Гриха\documents\visual studio 2012\Projects\ConsoleApplication6\ConsoleApplication6\Debug\CL.read.1.tlog
c:\Users\Гриха\documents\visual studio 2012\Projects\ConsoleApplication6\ConsoleApplication6\Debug\CL.write.1.tlog
c:\Users\Гриха\documents\visual studio 2012\Projects\ConsoleApplication6\ConsoleApplication6\Debug\link-cvtres.read.1.tlog
c:\Users\Гриха\documents\visual studio 2012\Projects\ConsoleApplication6\ConsoleApplication6\Debug\link-cvtres.write.1.tlog
c:\Users\Гриха\documents\visual studio 2012\Projects\ConsoleApplication6\ConsoleApplication6\Debug\link-rc.read.1.tlog
c:\Users\Гриха\documents\visual studio 2012\Projects\ConsoleApplication6\ConsoleApplication6\Debug\link-rc.write.1.tlog
c:\Users\Гриха\documents\visual studio 2012\Projects\ConsoleApplication6\ConsoleApplication6\Debug\link.4820-cvtres.read.1.tlog
c:\Users\Гриха\documents\visual studio 2012\Projects\ConsoleApplication6\ConsoleApplication6\Debug\link.4820-cvtres.write.1.tlog
c:\Users\Гриха\documents\visual studio 2012\Projects\ConsoleApplication6\ConsoleApplication6\Debug\link.4820-rc.read.1.tlog
c:\Users\Гриха\documents\visual studio 2012\Projects\ConsoleApplication6\ConsoleApplication6\Debug\link.4820-rc.write.1.tlog
c:\Users\Гриха\documents\visual studio 2012\Projects\ConsoleApplication6\ConsoleApplication6\Debug\link.4820.read.1.tlog
c:\Users\Гриха\documents\visual studio 2012\Projects\ConsoleApplication6\ConsoleApplication6\Debug\link.4820.write.1.tlog
c:\Users\Гриха\documents\visual studio 2012\Projects\ConsoleApplication6\ConsoleApplication6\Debug\link.command.1.tlog
c:\Users\Гриха\documents\visual studio 2012\Projects\ConsoleApplication6\ConsoleApplication6\Debug\link.read.1.tlog
c:\Users\Гриха\documents\visual studio 2012\Projects\ConsoleApplication6\ConsoleApplication6\Debug\link.write.1.tlog
c:\Users\Гриха\documents\visual studio 2012\Projects\ConsoleApplication6\ConsoleApplication6\Debug\vc110.idb
c:\Users\Гриха\documents\visual studio 2012\Projects\ConsoleApplication6\ConsoleApplication6\Debug\vc110.pdb
c:\users\гриха\documents\visual studio 2012\Projects\ConsoleApplication6\Debug\ConsoleApplication6.pdb
c:\users\гриха\documents\visual studio 2012\Projects\ConsoleApplication6\Debug\ConsoleApplication6.exe
c:\users\гриха\documents\visual studio 2012\Projects\ConsoleApplication6\Debug\ConsoleApplication6.ilk
